<?xml version='1.0' encoding='UTF-8'?>
<testsuite hostname="Samuel-PC" name="interpreter.LispSuite" tests="29" errors="0" failures="0" time="0.295">
                     <properties>
[...]
</properties>
                     <testcase classname="interpreter.LispSuite" name="addition" time="0.099">
                                                 
                                               </testcase><testcase classname="interpreter.LispSuite" name="expr1 / string2lisp" time="0.006">
                                                 
                                               </testcase><testcase classname="interpreter.LispSuite" name="expr1 / evaluate" time="0.008">
                                                 
                                               </testcase><testcase classname="interpreter.LispSuite" name="expr2 / string2lisp" time="0.009">
                                                 
                                               </testcase><testcase classname="interpreter.LispSuite" name="expr2 / evaluate" time="0.011">
                                                 
                                               </testcase><testcase classname="interpreter.LispSuite" name="expr3 / string2lisp" time="0.011">
                                                 
                                               </testcase><testcase classname="interpreter.LispSuite" name="expr3 / evaluate" time="0.003">
                                                 
                                               </testcase><testcase classname="interpreter.LispSuite" name="expr4 / string2lisp" time="0.005">
                                                 
                                               </testcase><testcase classname="interpreter.LispSuite" name="expr4 / evaluate" time="0.01">
                                                 
                                               </testcase><testcase classname="interpreter.LispSuite" name="defSugar1 / evaluate" time="0.01">
                                                 
                                               </testcase><testcase classname="interpreter.LispSuite" name="defSugar2 / evaluate" time="0.001">
                                                 
                                               </testcase><testcase classname="interpreter.LispSuite" name="defSugar3 / evaluate" time="0.001">
                                                 
                                               </testcase><testcase classname="interpreter.LispSuite" name="defSugar4 / evaluate" time="0.002">
                                                 
                                               </testcase><testcase classname="interpreter.LispSuite" name="caseSugar1 / evaluate" time="0.001">
                                                 
                                               </testcase><testcase classname="interpreter.LispSuite" name="caseSugar2 / evaluate" time="0.001">
                                                 
                                               </testcase><testcase classname="interpreter.LispSuite" name="caseSugar3 / evaluate" time="0.006">
                                                 
                                               </testcase><testcase classname="interpreter.LispSuite" name="caseSugar4 / evaluate" time="0.002">
                                                 
                                               </testcase><testcase classname="interpreter.LispSuite" name="caseSugar5 / evaluate" time="0.004">
                                                 
                                               </testcase><testcase classname="interpreter.LispSuite" name="sugar1 / evaluate" time="0.003">
                                                 
                                               </testcase><testcase classname="interpreter.LispSuite" name="differencesLisp1 / evaluate" time="0.011">
                                                 
                                               </testcase><testcase classname="interpreter.LispSuite" name="differencesLisp2 / evaluate" time="0.005">
                                                 
                                               </testcase><testcase classname="interpreter.LispSuite" name="differencesLisp3 / evaluate" time="0.004">
                                                 
                                               </testcase><testcase classname="interpreter.LispSuite" name="differencesLisp4 / evaluate" time="0.04">
                                                 
                                               </testcase><testcase classname="interpreter.LispSuite" name="differencesLisp5 / evaluate" time="0.006">
                                                 
                                               </testcase><testcase classname="interpreter.LispSuite" name="rebuildListLisp1 / evaluate" time="0.01">
                                                 
                                               </testcase><testcase classname="interpreter.LispSuite" name="rebuildListLisp2 / evaluate" time="0.008">
                                                 
                                               </testcase><testcase classname="interpreter.LispSuite" name="rebuildListLisp3 / evaluate" time="0.004">
                                                 
                                               </testcase><testcase classname="interpreter.LispSuite" name="rebuildListLisp4 / evaluate" time="0.005">
                                                 
                                               </testcase><testcase classname="interpreter.LispSuite" name="rebuildListLisp5 / evaluate" time="0.009">
                                                 
                                               </testcase>
                     <system-out></system-out>
                     <system-err></system-err>
                   </testsuite>